#
# There is insufficient memory for the Java Runtime Environment to continue.
# Native memory allocation (mmap) failed to map 134217728 bytes for G1 virtual space
# Possible reasons:
#   The system is out of physical RAM or swap space
#   The process is running with CompressedOops enabled, and the Java Heap may be blocking the growth of the native heap
# Possible solutions:
#   Reduce memory load on the system
#   Increase physical memory or swap space
#   Check if swap backing store is full
#   Decrease Java heap size (-Xmx/-Xms)
#   Decrease number of Java threads
#   Decrease Java thread stack sizes (-Xss)
#   Set larger code cache with -XX:ReservedCodeCacheSize=
#   JVM is running with Unscaled Compressed Oops mode in which the Java heap is
#     placed in the first 4GB address space. The Java Heap base address is the
#     maximum limit for the native heap growth. Please use -XX:HeapBaseMinAddress
#     to set the Java Heap base and to place the Java Heap above 4GB virtual address.
# This output file may be truncated or incomplete.
#
#  Out of Memory Error (os_windows.cpp:3530), pid=1460, tid=8352
#
# JRE version:  (18.0.1+10) (build )
# Java VM: Java HotSpot(TM) 64-Bit Server VM (18.0.1+10-24, mixed mode, sharing, tiered, compressed oops, compressed class ptrs, g1 gc, windows-amd64)
# No core dump will be written. Minidumps are not enabled by default on client versions of Windows
#

---------------  S U M M A R Y ------------

Command Line: -javaagent:C:\IntelliJ IDEA Community Edition 2022.1\lib\idea_rt.jar=58864:C:\IntelliJ IDEA Community Edition 2022.1\bin -Dfile.encoding=UTF-8 com.td2.wallet.WalletApplication

Host: Intel(R) Core(TM) i5-4200M CPU @ 2.50GHz, 2 cores, 7G,  Windows 10 , 64 bit Build 19041 (10.0.19041.3636)
Time: Fri Dec  8 10:35:34 2023 Bélarus elapsed time: 0.249927 seconds (0d 0h 0m 0s)

---------------  T H R E A D  ---------------

Current thread (0x000001901c769db0):  JavaThread "Unknown thread" [_thread_in_vm, id=8352, stack(0x0000008f97b00000,0x0000008f97c00000)]

Stack: [0x0000008f97b00000,0x0000008f97c00000]
Native frames: (J=compiled Java code, j=interpreted, Vv=VM code, C=native code)
V  [jvm.dll+0x69887a]
V  [jvm.dll+0x7f38bd]
V  [jvm.dll+0x7f51ce]
V  [jvm.dll+0x7f5883]
V  [jvm.dll+0x25ca3f]
V  [jvm.dll+0x6957c9]
V  [jvm.dll+0x68a2fa]
V  [jvm.dll+0x321efb]
V  [jvm.dll+0x3298d6]
V  [jvm.dll+0x37e47e]
V  [jvm.dll+0x37e6af]
V  [jvm.dll+0x2f9c7a]
V  [jvm.dll+0x2facdd]
V  [jvm.dll+0x7c24f0]
V  [jvm.dll+0x38b801]
V  [jvm.dll+0x7a1203]
V  [jvm.dll+0x40d6bf]
V  [jvm.dll+0x40f091]
C  [jli.dll+0x526b]
C  [ucrtbase.dll+0x21bb2]
C  [KERNEL32.DLL+0x17344]
C  [ntdll.dll+0x526b1]


---------------  P R O C E S S  ---------------

Threads class SMR info:
_java_thread_list=0x00007ffb4517d550, length=0, elements={
}

Java Threads: ( => current thread )

Other Threads:
  0x000001901c7c93e0 WorkerThread "GC Thread#0" [stack: 0x0000008f97c00000,0x0000008f97d00000] [id=7420]
  0x000001901c7daeb0 ConcurrentGCThread "G1 Main Marker" [stack: 0x0000008f97d00000,0x0000008f97e00000] [id=1136]
  0x000001901c7db7b0 WorkerThread "G1 Conc#0" [stack: 0x0000008f97e00000,0x0000008f97f00000] [id=292]

[error occurred during error reporting (printing all threads), id 0xc0000005, EXCEPTION_ACCESS_VIOLATION (0xc0000005) at pc=0x00007ffb449aa217]

VM state: not at safepoint (not fully initialized)

VM Mutex/Monitor currently owned by a thread:  ([mutex/lock_event])
[0x000001901c765930] Heap_lock - owner thread: 0x000001901c769db0

Heap address: 0x0000000081c00000, size: 2020 MB, Compressed Oops mode: 32-bit

CDS archive(s) mapped at: [0x0000000000000000-0x0000000000000000-0x0000000000000000), size 0, SharedBaseAddress: 0x0000000800000000, ArchiveRelocationMode: 0.
Narrow klass base: 0x0000000000000000, Narrow klass shift: 0, Narrow klass range: 0x0

GC Precious Log:
 CardTable entry size: 512
 Card Set container configuration: InlinePtr #cards 5 size 8 Array Of Cards #cards 12 size 40 Howl #buckets 4 coarsen threshold 1843 Howl Bitmap #cards 512 size 80 coarsen threshold 460 Card regions per heap region 1 cards per card region 2048

Heap:
 garbage-first heap   total 0K, used 0K [0x0000000081c00000, 0x0000000100000000)
  region size 1024K, 0 young (0K), 0 survivors (0K)

[error occurred during error reporting (printing heap information), id 0xc0000005, EXCEPTION_ACCESS_VIOLATION (0xc0000005) at pc=0x00007ffb44d90cb9]

GC Heap History (0 events):
No events

Deoptimization events (0 events):
No events

Classes loaded (0 events):
No events

Classes unloaded (0 events):
No events

Classes redefined (0 events):
No events

Internal exceptions (0 events):
No events

VM Operations (0 events):
No events

Events (1 events):
Event: 0.070 Loaded shared library C:\Program Files\Java\jdk-18.0.1\bin\java.dll


Dynamic libraries:
0x00007ff6604c0000 - 0x00007ff6604d0000 	C:\Program Files\Java\jdk-18.0.1\bin\java.exe
0x00007ffbbbc50000 - 0x00007ffbbbe48000 	C:\Windows\SYSTEM32\ntdll.dll
0x00007ffbba020000 - 0x00007ffbba0dd000 	C:\Windows\System32\KERNEL32.DLL
0x00007ffbb9450000 - 0x00007ffbb9746000 	C:\Windows\System32\KERNELBASE.dll
0x00007ffbb97f0000 - 0x00007ffbb98f0000 	C:\Windows\System32\ucrtbase.dll
0x00007ffba82e0000 - 0x00007ffba82f8000 	C:\Program Files\Java\jdk-18.0.1\bin\jli.dll
0x00007ffbba950000 - 0x00007ffbba9ff000 	C:\Windows\System32\ADVAPI32.dll
0x00007ffbba8b0000 - 0x00007ffbba94e000 	C:\Windows\System32\msvcrt.dll
0x00007ffbb9f80000 - 0x00007ffbba01c000 	C:\Windows\System32\sechost.dll
0x00007ffbbaa80000 - 0x00007ffbbaba6000 	C:\Windows\System32\RPCRT4.dll
0x00007ffbbb9b0000 - 0x00007ffbbbb4e000 	C:\Windows\System32\USER32.dll
0x00007ffbb9bd0000 - 0x00007ffbb9bf2000 	C:\Windows\System32\win32u.dll
0x00007ffbba4c0000 - 0x00007ffbba4ec000 	C:\Windows\System32\GDI32.dll
0x00007ffbb9330000 - 0x00007ffbb944a000 	C:\Windows\System32\gdi32full.dll
0x00007ffbb9750000 - 0x00007ffbb97ed000 	C:\Windows\System32\msvcp_win.dll
0x00007ffba36a0000 - 0x00007ffba36ba000 	C:\Program Files\Java\jdk-18.0.1\bin\VCRUNTIME140.dll
0x00007ffbaaea0000 - 0x00007ffbab13a000 	C:\Windows\WinSxS\amd64_microsoft.windows.common-controls_6595b64144ccf1df_6.0.19041.3636_none_60b6a03d71f818d5\COMCTL32.dll
0x00007ffbab9e0000 - 0x00007ffbab9ea000 	C:\Windows\SYSTEM32\VERSION.dll
0x00007ffbb9f50000 - 0x00007ffbb9f80000 	C:\Windows\System32\IMM32.DLL
0x00007ffbaf4d0000 - 0x00007ffbaf4dc000 	C:\Program Files\Java\jdk-18.0.1\bin\vcruntime140_1.dll
0x00007ffb87a50000 - 0x00007ffb87add000 	C:\Program Files\Java\jdk-18.0.1\bin\msvcp140.dll
0x00007ffb446a0000 - 0x00007ffb452b0000 	C:\Program Files\Java\jdk-18.0.1\bin\server\jvm.dll
0x00007ffbba450000 - 0x00007ffbba458000 	C:\Windows\System32\PSAPI.DLL
0x00007ffba51c0000 - 0x00007ffba51c9000 	C:\Windows\SYSTEM32\WSOCK32.dll
0x00007ffbba3e0000 - 0x00007ffbba44b000 	C:\Windows\System32\WS2_32.dll
0x00007ffba4370000 - 0x00007ffba4397000 	C:\Windows\SYSTEM32\WINMM.dll
0x00007ffbb7b90000 - 0x00007ffbb7ba2000 	C:\Windows\SYSTEM32\kernel.appcore.dll
0x00007ffbaf190000 - 0x00007ffbaf19a000 	C:\Program Files\Java\jdk-18.0.1\bin\jimage.dll
0x00007ffba29b0000 - 0x00007ffba2b94000 	C:\Windows\SYSTEM32\DBGHELP.DLL
0x00007ffba2970000 - 0x00007ffba29a4000 	C:\Windows\SYSTEM32\dbgcore.DLL
0x00007ffbb9ad0000 - 0x00007ffbb9b52000 	C:\Windows\System32\bcryptPrimitives.dll
0x00007ffbaf480000 - 0x00007ffbaf48e000 	C:\Program Files\Java\jdk-18.0.1\bin\instrument.dll
0x00007ffb991a0000 - 0x00007ffb991c5000 	C:\Program Files\Java\jdk-18.0.1\bin\java.dll

dbghelp: loaded successfully - version: 4.0.5 - missing functions: none
symbol engine: initialized successfully - sym options: 0x614 - pdb path: .;C:\Program Files\Java\jdk-18.0.1\bin;C:\Windows\SYSTEM32;C:\Windows\WinSxS\amd64_microsoft.windows.common-controls_6595b64144ccf1df_6.0.19041.3636_none_60b6a03d71f818d5;C:\Program Files\Java\jdk-18.0.1\bin\server

VM Arguments:
jvm_args: -javaagent:C:\IntelliJ IDEA Community Edition 2022.1\lib\idea_rt.jar=58864:C:\IntelliJ IDEA Community Edition 2022.1\bin -Dfile.encoding=UTF-8 
java_command: com.td2.wallet.WalletApplication
java_class_path (initial): C:\Users\Mitsanta ANDRIAH\Desktop\wallet\target\classes;C:\Users\Mitsanta ANDRIAH\.m2\repository\org\springframework\boot\spring-boot-starter-web\3.2.0\spring-boot-starter-web-3.2.0.jar;C:\Users\Mitsanta ANDRIAH\.m2\repository\org\springframework\boot\spring-boot-starter\3.2.0\spring-boot-starter-3.2.0.jar;C:\Users\Mitsanta ANDRIAH\.m2\repository\org\springframework\boot\spring-boot\3.2.0\spring-boot-3.2.0.jar;C:\Users\Mitsanta ANDRIAH\.m2\repository\org\springframework\boot\spring-boot-autoconfigure\3.2.0\spring-boot-autoconfigure-3.2.0.jar;C:\Users\Mitsanta ANDRIAH\.m2\repository\org\springframework\boot\spring-boot-starter-logging\3.2.0\spring-boot-starter-logging-3.2.0.jar;C:\Users\Mitsanta ANDRIAH\.m2\repository\ch\qos\logback\logback-classic\1.4.11\logback-classic-1.4.11.jar;C:\Users\Mitsanta ANDRIAH\.m2\repository\ch\qos\logback\logback-core\1.4.11\logback-core-1.4.11.jar;C:\Users\Mitsanta ANDRIAH\.m2\repository\org\apache\logging\log4j\log4j-to-slf4j\2.21.1\log4j-to-slf4j-2.21.1.jar;C:\Users\Mitsanta ANDRIAH\.m2\repository\org\apache\logging\log4j\log4j-api\2.21.1\log4j-api-2.21.1.jar;C:\Users\Mitsanta ANDRIAH\.m2\repository\org\slf4j\jul-to-slf4j\2.0.9\jul-to-slf4j-2.0.9.jar;C:\Users\Mitsanta ANDRIAH\.m2\repository\jakarta\annotation\jakarta.annotation-api\2.1.1\jakarta.annotation-api-2.1.1.jar;C:\Users\Mitsanta ANDRIAH\.m2\repository\org\yaml\snakeyaml\2.2\snakeyaml-2.2.jar;C:\Users\Mitsanta ANDRIAH\.m2\repository\org\springframework\boot\spring-boot-starter-json\3.2.0\spring-boot-starter-json-3.2.0.jar;C:\Users\Mitsanta ANDRIAH\.m2\repository\com\fasterxml\jackson\core\jackson-databind\2.15.3\jackson-databind-2.15.3.jar;C:\Users\Mitsanta ANDRIAH\.m2\repository\com\fasterxml\jackson\core\jackson-annotations\2.15.3\jackson-annotations-2.15.3.jar;C:\Users\Mitsanta ANDRIAH\.m2\repository\com\fasterxml\jackson\core\jackson-core\2.15.3\jackson-core-2.15.3.jar;C:\Users\Mitsanta ANDRIAH\.m2\repository\com\fasterxml\jackson\datatype\jackson-datatype-jdk8\2.15.3\jackson-datatype-jdk8-2.15.3.jar;C:\Users\Mitsanta ANDRIAH\.m2\repository\com\fasterxml\jackson\datatype\jackson-datatype-jsr310\2.15.3\jackson-datatype-jsr310-2.15.3.jar;C:\Users\Mitsanta ANDRIAH\.m2\repository\com\fasterxml\jackson\module\jackson-module-parameter-names\2.15.3\jackson-module-parameter-names-2.15.3.jar;C:\Users\Mitsanta ANDRIAH\.m2\repository\org\springframework\boot\spring-boot-starter-tomcat\3.2.0\spring-boot-starter-tomcat-3.2.0.jar;C:\Users\Mitsanta ANDRIAH\.m2\repository\org\apache\tomcat\embed\tomcat-embed-core\10.1.16\tomcat-embed-core-10.1.16.jar;C:\Users\Mitsanta ANDRIAH\.m2\repository\org\apache\tomcat\embed\tomcat-embed-el\10.1.16\tomcat-embed-el-10.1.16.jar;C:\Users\Mitsanta ANDRIAH\.m2\repository\org\apache\tomcat\embed\tomcat-embed-websocket\10.1.16\tomcat-embed-websocket-10.1.16.jar;C:\Users\Mitsanta ANDRIAH\.m2\repository\org\springframework\spring-web\6.1.1\spring-web-6.1.1.jar;C:\Users\Mitsanta ANDRIAH\.m2\repository\org\springframework\spring-beans\6.1.1\spring-beans-6.1.1.jar;C:\Users\Mitsanta ANDRIAH\.m2\repository\io\micrometer\micrometer-observation\1.12.0\micrometer-observation-1.12.0.jar;C:\Users\Mitsanta ANDRIAH\.m2\repository\io\micrometer\micrometer-commons\1.12.0\micrometer-commons-1.12.0.jar;C:\Users\Mitsanta ANDRIAH\.m2\repository\org\springframework\spring-webmvc\6.1.1\spring-webmvc-6.1.1.jar;C:\Users\Mitsanta ANDRIAH\.m2\repository\org\springframework\spring-aop\6.1.1\spring-aop-6.1.1.jar;C:\Users\Mitsanta ANDRIAH\.m2\repository\org\springframework\spring-context\6.1.1\spring-context-6.1.1.jar;C:\Users\Mitsanta ANDRIAH\.m2\repository\org\springframework\spring-expression\6.1.1\spring-expression-6.1.1.jar;C:\Users\Mitsanta ANDRIAH\.m2\repository\org\projectlombok\lombok\1.18.30\lombok-1.18.30.jar;C:\Users\Mitsanta ANDRIAH\.m2\repository\org\slf4j\slf4j-api\2.0.9\slf4j-api-2.0.9.jar;C:\Users\Mitsanta ANDRIAH\.m2\repository\jakarta\xml\bind\jakarta.xml.bind-api\4.0.1\jakarta.xml.bind-api-4.0.1.jar;C:\Users\Mitsanta ANDRIAH\.m2\repository\jakarta\activation\jakarta.activation-api\2.1.2\jakarta.activation-api-2.1.2.jar;C:\Users\Mitsanta ANDRIAH\.m2\repository\org\springframework\spring-core\6.1.1\spring-core-6.1.1.jar;C:\Users\Mitsanta ANDRIAH\.m2\repository\org\springframework\spring-jcl\6.1.1\spring-jcl-6.1.1.jar;C:\Users\Mitsanta ANDRIAH\.m2\repository\org\postgresql\postgresql\42.6.0\postgresql-42.6.0.jar;C:\Users\Mitsanta ANDRIAH\.m2\repository\org\checkerframework\checker-qual\3.31.0\checker-qual-3.31.0.jar;C:\Users\Mitsanta ANDRIAH\.m2\repository\org\hibernate\orm\hibernate-core\6.2.14.Final\hibernate-core-6.2.14.Final.jar;C:\Users\Mitsanta ANDRIAH\.m2\repository\jakarta\persistence\jakarta.persistence-api\3.1.0\jakarta.persistence-api-3.1.0.jar;C:\Users\Mitsanta ANDRIAH\.m2\repository\jakarta\transaction\jakarta.transaction-api\2.0.1\jakarta.transaction-api-2.0.1.jar;C:\Users\Mitsanta ANDRIAH\.m2\repository\org\jboss\logging\jboss-logging\3.5.3.Final\jboss-logging-3.5.3.Final.jar;C:\Users\Mitsanta ANDRIAH\.m2\repository\org\hibernate\common\hibernate-commons-annotations\6.0.6.Final\hibernate-commons-annotations-6.0.6.Final.jar;C:\Users\Mitsanta ANDRIAH\.m2\repository\io\smallrye\jandex\3.0.5\jandex-3.0.5.jar;C:\Users\Mitsanta ANDRIAH\.m2\repository\com\fasterxml\classmate\1.6.0\classmate-1.6.0.jar;C:\Users\Mitsanta ANDRIAH\.m2\repository\net\bytebuddy\byte-buddy\1.14.10\byte-buddy-1.14.10.jar;C:\Users\Mitsanta ANDRIAH\.m2\repository\org\glassfish\jaxb\jaxb-runtime\4.0.4\jaxb-runtime-4.0.4.jar;C:\Users\Mitsanta ANDRIAH\.m2\repository\org\glassfish\jaxb\jaxb-core\4.0.4\jaxb-core-4.0.4.jar;C:\Users\Mitsanta ANDRIAH\.m2\repository\org\eclipse\angus\angus-activation\2.0.1\angus-activation-2.0.1.jar;C:\Users\Mitsanta ANDRIAH\.m2\repository\org\glassfish\jaxb\txw2\4.0.4\txw2-4.0.4.jar;C:\Users\Mitsanta ANDRIAH\.m2\repository\com\sun\istack\istack-commons-runtime\4.1.2\istack-commons-runtime-4.1.2.jar;C:\Users\Mitsanta ANDRIAH\.m2\repository\jakarta\inject\jakarta.inject-api\2.0.1\jakarta.inject-api-2.0.1.jar;C:\Users\Mitsanta ANDRIAH\.m2\repository\org\antlr\antlr4-runtime\4.10.1\antlr4-runtime-4.10.1.jar;C:\Users\Mitsanta ANDRIAH\.m2\repository\org\springframework\boot\spring-boot-starter-jdbc\3.2.0\spring-boot-starter-jdbc-3.2.0.jar;C:\Users\Mitsanta ANDRIAH\.m2\repository\com\zaxxer\HikariCP\5.0.1\HikariCP-5.0.1.jar;C:\Users\Mitsanta ANDRIAH\.m2\repository\org\springframework\spring-jdbc\6.1.1\spring-jdbc-6.1.1.jar;C:\Users\Mitsanta ANDRIAH\.m2\repository\org\springframework\spring-tx\6.1.1\spring-tx-6.1.1.jar
Launcher Type: SUN_STANDARD

[Global flags]
     intx CICompilerCount                          = 2                                         {product} {ergonomic}
     uint ConcGCThreads                            = 1                                         {product} {ergonomic}
     uint G1ConcRefinementThreads                  = 2                                         {product} {ergonomic}
   size_t G1HeapRegionSize                         = 1048576                                   {product} {ergonomic}
    uintx GCDrainStackTargetSize                   = 64                                        {product} {ergonomic}
   size_t InitialHeapSize                          = 134217728                                 {product} {ergonomic}
   size_t MarkStackSize                            = 4194304                                   {product} {ergonomic}
   size_t MaxHeapSize                              = 2118123520                                {product} {ergonomic}
   size_t MinHeapDeltaBytes                        = 1048576                                   {product} {ergonomic}
   size_t MinHeapSize                              = 8388608                                   {product} {ergonomic}
    uintx NonNMethodCodeHeapSize                   = 5826188                                {pd product} {ergonomic}
    uintx NonProfiledCodeHeapSize                  = 122916026                              {pd product} {ergonomic}
    uintx ProfiledCodeHeapSize                     = 122916026                              {pd product} {ergonomic}
    uintx ReservedCodeCacheSize                    = 251658240                              {pd product} {ergonomic}
     bool SegmentedCodeCache                       = true                                      {product} {ergonomic}
   size_t SoftMaxHeapSize                          = 2118123520                             {manageable} {ergonomic}
     bool UseCompressedClassPointers               = true                           {product lp64_product} {ergonomic}
     bool UseCompressedOops                        = true                           {product lp64_product} {ergonomic}
     bool UseG1GC                                  = true                                      {product} {ergonomic}
     bool UseLargePagesIndividualAllocation        = false                                  {pd product} {ergonomic}

Logging:
Log output configuration:
 #0: stdout all=warning uptime,level,tags foldmultilines=false
 #1: stderr all=off uptime,level,tags foldmultilines=false

Environment Variables:
JAVA_HOME=C:\Program Files\Java\jdk-18.0.1
PATH=C:\Program Files\Common Files\Oracle\Java\javapath;C:\Windows\system32;C:\Windows;C:\Windows\System32\Wbem;C:\Windows\System32\WindowsPowerShell\v1.0\;C:\Windows\System32\OpenSSH\;C:\Program Files\Microsoft VS Code\bin;C:\Program Files\Git\cmd;C:\Program Files\nodejs\;C:\Program Files\Amazon\AWSCLIV2;D:\Gpg4win\..\GnuPG\bin;C:\Users\Mitsanta ANDRIAH\AppData\Roaming\Microsoft\Windows\Start Menu\Programs\Python 3.9;G:\heroku\bin
USERNAME=Mitsanta ANDRIAH
OS=Windows_NT
PROCESSOR_IDENTIFIER=Intel64 Family 6 Model 60 Stepping 3, GenuineIntel



---------------  S Y S T E M  ---------------

OS:
 Windows 10 , 64 bit Build 19041 (10.0.19041.3636)
OS uptime: 10 days 15:53 hours
Hyper-V role detected

CPU: total 2 (initial active 2) (2 cores per cpu, 2 threads per core) family 6 model 60 stepping 3 microcode 0x27, cx8, cmov, fxsr, ht, mmx, sse, sse2, sse3, ssse3, sse4.1, sse4.2, popcnt, lzcnt, tsc, tscinvbit, avx, avx2, aes, erms, clmul, bmi1, bmi2, fma, vzeroupper, clflush, hv

Memory: 4k page, system-wide physical 8073M (995M free)
TotalPageFile size 8073M (AvailPageFile size 100M)
current process WorkingSet (physical memory assigned to process): 10M, peak: 10M
current process commit charge ("private bytes"): 48M, peak: 175M

vm_info: Java HotSpot(TM) 64-Bit Server VM (18.0.1+10-24) for windows-amd64 JRE (18.0.1+10-24), built on Mar  9 2022 22:41:56 by "mach5one" with MS VC++ 16.8 / 16.9 (VS2019)

END.
